<?xml version="1.0" encoding="UTF-8"?><testsuite errors="0" failures="1" name="I as a user require to make a reservation from the Stays tab." skipped="0" tests="1" time="23.27" timestamp="2022-04-20 09:09:08"><testcase name="I as user want to select check in and check out dates"><failure message="Expected enabled element was not enabled" type="net.thucydides.core.webdriver.exceptions.ElementShouldBeEnabledException">Expected enabled element was not enabled</failure><system-err>Expected enabled element was not enabled&#13;
co.com.devco.certificacion.booking.tasks.ClickElement.performAs(ClickElement.java:20)&#13;
co.com.devco.certificacion.booking.tasks.SelectDate.performAs(SelectDate.java:23)&#13;
co.com.devco.certification.booking.stepdefinitions.FindaPlaceToStayStepDefinitions.iSelectTheCheckDates(FindaPlaceToStayStepDefinitions.java:66)&#13;
io.cucumber.java.Invoker.invoke(Invoker.java:27)&#13;
io.cucumber.java.JavaStepDefinition.execute(JavaStepDefinition.java:27)&#13;
io.cucumber.core.runner.PickleStepDefinitionMatch.runStep(PickleStepDefinitionMatch.java:63)&#13;
io.cucumber.core.runner.TestStep.executeStep(TestStep.java:64)&#13;
io.cucumber.core.runner.TestStep.run(TestStep.java:49)&#13;
io.cucumber.core.runner.PickleStepTestStep.run(PickleStepTestStep.java:46)&#13;
io.cucumber.core.runner.TestCase.run(TestCase.java:51)&#13;
io.cucumber.core.runner.Runner.runPickle(Runner.java:67)&#13;
io.cucumber.junit.FeatureRunner.runChild(FeatureRunner.java:83)&#13;
io.cucumber.junit.FeatureRunner.runChild(FeatureRunner.java:24)&#13;
io.cucumber.junit.CucumberSerenityRunner.runChild(CucumberSerenityRunner.java:227)&#13;
io.cucumber.junit.CucumberSerenityRunner.runChild(CucumberSerenityRunner.java:54)&#13;
</system-err></testcase></testsuite>