<?xml version="1.0" encoding="UTF-8"?><testsuite errors="0" failures="0" name="Create Account" skipped="0" tests="4" time="38.04" timestamp="2022-04-20 07:50:27"><testcase name="Select the bottom Hazte una cuenta"/><testcase name="Select the bottom Continuar con e-mail with the email field empty"/><testcase name="Select the bottom Continuar con e-mail with the email field and  select the bottom Create an account the password fields empty"/><testcase name="Incorrectly fill in the passwords fields"/></testsuite>