<?xml version="1.0" encoding="UTF-8"?><testsuite errors="0" failures="1" name="I as a user require to make a reservation from the Stays tab." skipped="0" tests="14" time="0.22" timestamp="2022-04-20 11:29:49"><testcase name="Validate that you can select a room if the accommodation is available."/><testcase name="validate that the user can not continue, if he does not fill in the fields"/><testcase name="validate that the user can not continue, if he just fill the name field"/><testcase name="validate that the user can not continue, if he just fill the lastname field"/><testcase name="validate that the user can not continue, if he not fill the email field"/><testcase name="validate that the user can not continue, if he fill the email field with a incorrect domain"/><testcase name="validate that the user can  continue, if he fill the fields correctly"/><testcase name="validate that the user can not   continue, if he dont fill the mobile number field"/><testcase name="validate that the user can not enter alphanumeric values into mobile number field"/><testcase name="validate that the user can  enter the number into mobile number field"/><testcase name="validate that the user can not enter alphanumeric values into number card field"/><testcase name="validate that the user can select the card SCOTIBANK"><failure/></testcase><testcase name="validate that the user can not continue, if he select the bottom completa la reserva with empty fields in the payment section"/><testcase name="validate that the user can not  type more than 3 characters into CVC code"/></testsuite>